<?xml version="1.0" encoding="UTF-8"?>
<testng-results ignored="0" total="1" passed="1" failed="0" skipped="0">
  <reporter-output>
  </reporter-output>
  <suite started-at="2023-08-01T10:38:32 IST" name="Default suite" finished-at="2023-08-01T10:38:57 IST" duration-ms="24926">
    <groups>
    </groups>
    <test started-at="2023-08-01T10:38:32 IST" name="Default test" finished-at="2023-08-01T10:38:57 IST" duration-ms="24926">
      <class name="Test1">
        <test-method is-config="true" signature="setUp()[pri:0, instance:Test1@479d31f3]" started-at="2023-08-01T10:38:32 IST" name="setUp" finished-at="2023-08-01T10:38:34 IST" duration-ms="1709" status="PASS">
          <reporter-output>
          </reporter-output>
        </test-method> <!-- setUp -->
        <test-method signature="testSimple()[pri:0, instance:Test1@479d31f3]" started-at="2023-08-01T10:38:34 IST" name="testSimple" finished-at="2023-08-01T10:38:56 IST" duration-ms="21594" status="PASS">
          <reporter-output>
          </reporter-output>
        </test-method> <!-- testSimple -->
        <test-method is-config="true" signature="tearDown()[pri:0, instance:Test1@479d31f3]" started-at="2023-08-01T10:38:56 IST" name="tearDown" finished-at="2023-08-01T10:38:57 IST" duration-ms="1565" status="PASS">
          <reporter-output>
          </reporter-output>
        </test-method> <!-- tearDown -->
      </class> <!-- Test1 -->
    </test> <!-- Default test -->
  </suite> <!-- Default suite -->
</testng-results>
